{"error":{"code":"ECONNREFUSED"},"level":"error","message":"Database query error","service":"lunar-ice-backend","text":"\n      CREATE TABLE IF NOT EXISTS users (\n        id UUID PRIMARY KEY DEFAULT gen_random_uuid(),\n        email VARCHAR(255) UNIQUE NOT NULL,\n        password_hash VARCHAR(255) NOT NULL,\n        full_name VARCHAR(255) NOT NULL,\n        organization VARCHAR(255),\n        role VARCHAR(50) DEFAULT 'scientist',\n        email_verified BOOLEAN DEFAULT FALSE,\n        created_at TIMESTAMP DEFAULT CURRENT_TIMESTAMP,\n        updated_at TIMESTAMP DEFAULT CURRENT_TIMESTAMP,\n        deleted_at TIMESTAMP\n      );\n      CREATE TABLE IF NOT EXISTS refresh_tokens (\n        id UUID PRIMARY KEY DEFAULT gen_random_uuid(),\n        user_id UUID NOT NULL REFERENCES users(id) ON DELETE CASCADE,\n        token_hash VARCHAR(255) NOT NULL UNIQUE,\n        expires_at TIMESTAMP NOT NULL,\n        created_at TIMESTAMP DEFAULT CURRENT_TIMESTAMP,\n        revoked_at TIMESTAMP\n      );\n      CREATE TABLE IF NOT EXISTS projects (\n        id UUID PRIMARY KEY DEFAULT gen_random_uuid(),\n        user_id UUID NOT NULL REFERENCES users(id) ON DELETE CASCADE,\n        name VARCHAR(255) NOT NULL,\n        description TEXT,\n        crater_name VARCHAR(255) NOT NULL,\n        latitude DECIMAL(10, 6),\n        longitude DECIMAL(11, 6),\n        status VARCHAR(50) DEFAULT 'draft',\n        created_at TIMESTAMP DEFAULT CURRENT_TIMESTAMP,\n        updated_at TIMESTAMP DEFAULT CURRENT_TIMESTAMP,\n        deleted_at TIMESTAMP\n      );\n      CREATE TABLE IF NOT EXISTS datasets (\n        id UUID PRIMARY KEY DEFAULT gen_random_uuid(),\n        project_id UUID NOT NULL REFERENCES projects(id) ON DELETE CASCADE,\n        dataset_type VARCHAR(50) NOT NULL,\n        filename VARCHAR(500) NOT NULL,\n        file_url VARCHAR(1000),\n        file_size BIGINT,\n        metadata JSONB,\n        status VARCHAR(50) DEFAULT 'pending',\n        error_message TEXT,\n        uploaded_at TIMESTAMP DEFAULT CURRENT_TIMESTAMP,\n        processed_at TIMESTAMP,\n        created_at TIMESTAMP DEFAULT CURRENT_TIMESTAMP\n      );\n      CREATE TABLE IF NOT EXISTS analysis_results (\n        id UUID PRIMARY KEY DEFAULT gen_random_uuid(),\n        project_id UUID NOT NULL REFERENCES projects(id) ON DELETE CASCADE,\n        dataset_id UUID REFERENCES datasets(id),\n        analysis_type VARCHAR(50) NOT NULL,\n        status VARCHAR(50) DEFAULT 'queued',\n        task_id VARCHAR(255),\n        parameters JSONB,\n        result_data JSONB,\n        confidence_score DECIMAL(5, 4),\n        error_message TEXT,\n        created_at TIMESTAMP DEFAULT CURRENT_TIMESTAMP,\n        updated_at TIMESTAMP DEFAULT CURRENT_TIMESTAMP\n      );\n    ","timestamp":"2026-06-28T18:53:02.992Z"}
{"error":{"code":"ECONNREFUSED"},"level":"error","message":"Database query error","service":"lunar-ice-backend","text":"SELECT id FROM users WHERE email = $1 AND deleted_at IS NULL","timestamp":"2026-06-28T18:53:03.057Z"}
{"body":{"email":"test@example.com","fullName":"Test User","password":"TestPass123!"},"level":"error","message":"Unhandled API Error","method":"POST","path":"/api/v1/auth/register","service":"lunar-ice-backend","stack":"AggregateError: \n    at C:\\Users\\ASUS\\Desktop\\New folder (2)\\LUNAR-SUBSURFACE-ICE-DETECTION-SYSTEM\\backend\\node_modules\\pg-pool\\index.js:45:11\n    at processTicksAndRejections (node:internal/process/task_queues:104:5)\n    at Object.query (C:\\Users\\ASUS\\Desktop\\New folder (2)\\LUNAR-SUBSURFACE-ICE-DETECTION-SYSTEM\\backend\\src\\config\\database.ts:21:19)\n    at register (C:\\Users\\ASUS\\Desktop\\New folder (2)\\LUNAR-SUBSURFACE-ICE-DETECTION-SYSTEM\\backend\\src\\controllers\\authController.ts:25:24)","timestamp":"2026-06-28T18:53:03.060Z"}
{"error":"jwt malformed","level":"error","message":"JWT Verification failed","service":"lunar-ice-backend","timestamp":"2026-06-28T18:53:03.083Z"}
{"error":"jwt malformed","level":"error","message":"JWT Verification failed","service":"lunar-ice-backend","timestamp":"2026-06-28T18:53:03.096Z"}
{"error":"jwt malformed","level":"error","message":"JWT Verification failed","service":"lunar-ice-backend","timestamp":"2026-06-28T18:53:03.108Z"}
{"error":"jwt malformed","level":"error","message":"JWT Verification failed","service":"lunar-ice-backend","timestamp":"2026-06-28T18:53:03.126Z"}
{"error":{"code":"ECONNREFUSED"},"level":"error","message":"Database query error","service":"lunar-ice-backend","text":"DROP TABLE IF EXISTS analysis_results, datasets, projects, refresh_tokens, users CASCADE","timestamp":"2026-06-28T18:53:03.144Z"}
{"error":{"code":"ECONNREFUSED"},"level":"error","message":"Database query error","service":"lunar-ice-backend","text":"SELECT 1","timestamp":"2026-06-28T20:58:01.240Z"}
{"email":"test@example.com","level":"info","message":"User registered successfully","service":"lunar-ice-backend","timestamp":"2026-06-28T20:58:01.266Z","userId":"11111111-1111-1111-1111-111111111111"}
{"error":"","level":"error","message":"Redis Client Error","service":"lunar-ice-backend","timestamp":"2026-06-28T20:58:01.278Z"}
{"error":"","level":"error","message":"Redis Client Error","service":"lunar-ice-backend","timestamp":"2026-06-28T20:58:01.287Z"}
{"error":"","level":"error","message":"Redis Client Error","service":"lunar-ice-backend","timestamp":"2026-06-28T20:58:01.356Z"}
{"error":"","level":"error","message":"Redis Client Error","service":"lunar-ice-backend","timestamp":"2026-06-28T20:58:01.473Z"}
{"error":"","level":"error","message":"Redis Client Error","service":"lunar-ice-backend","timestamp":"2026-06-28T20:58:01.636Z"}
{"error":"","level":"error","message":"Redis Client Error","service":"lunar-ice-backend","timestamp":"2026-06-28T20:58:01.854Z"}
{"error":"","level":"error","message":"Redis Client Error","service":"lunar-ice-backend","timestamp":"2026-06-28T20:58:02.120Z"}
{"error":"","level":"error","message":"Redis Client Error","service":"lunar-ice-backend","timestamp":"2026-06-28T20:58:02.437Z"}
{"error":"","level":"error","message":"Redis Client Error","service":"lunar-ice-backend","timestamp":"2026-06-28T20:58:02.804Z"}
{"error":"","level":"error","message":"Redis Client Error","service":"lunar-ice-backend","timestamp":"2026-06-28T20:58:03.216Z"}
{"error":"","level":"error","message":"Redis Client Error","service":"lunar-ice-backend","timestamp":"2026-06-28T20:58:03.683Z"}
{"error":"","level":"error","message":"Redis Client Error","service":"lunar-ice-backend","timestamp":"2026-06-28T20:58:04.188Z"}
{"error":"","level":"error","message":"Redis Client Error","service":"lunar-ice-backend","timestamp":"2026-06-28T20:58:04.703Z"}
{"error":"","level":"error","message":"Redis Client Error","service":"lunar-ice-backend","timestamp":"2026-06-28T20:58:05.222Z"}
{"error":"","level":"error","message":"Redis Client Error","service":"lunar-ice-backend","timestamp":"2026-06-28T20:58:05.738Z"}
{"error":"","level":"error","message":"Redis Client Error","service":"lunar-ice-backend","timestamp":"2026-06-28T20:58:06.253Z"}
{"error":"","level":"error","message":"Redis Client Error","service":"lunar-ice-backend","timestamp":"2026-06-28T20:58:06.762Z"}
{"error":"","level":"error","message":"Redis Client Error","service":"lunar-ice-backend","timestamp":"2026-06-28T20:58:07.271Z"}
{"error":"","level":"error","message":"Redis Client Error","service":"lunar-ice-backend","timestamp":"2026-06-28T20:58:07.779Z"}
{"error":"","level":"error","message":"Redis Client Error","service":"lunar-ice-backend","timestamp":"2026-06-28T20:58:08.295Z"}
{"error":"","level":"error","message":"Redis Client Error","service":"lunar-ice-backend","timestamp":"2026-06-28T20:58:08.802Z"}
{"error":"","level":"error","message":"Redis Client Error","service":"lunar-ice-backend","timestamp":"2026-06-28T20:58:09.320Z"}
{"error":"","level":"error","message":"Redis Client Error","service":"lunar-ice-backend","timestamp":"2026-06-28T20:58:09.835Z"}
{"error":"","level":"error","message":"Redis Client Error","service":"lunar-ice-backend","timestamp":"2026-06-28T20:58:10.351Z"}
{"error":"","level":"error","message":"Redis Client Error","service":"lunar-ice-backend","timestamp":"2026-06-28T20:58:10.867Z"}
{"error":{"code":"ECONNREFUSED"},"level":"error","message":"Database query error","service":"lunar-ice-backend","text":"SELECT 1","timestamp":"2026-06-28T20:58:30.038Z"}
{"email":"test@example.com","level":"info","message":"User registered successfully","service":"lunar-ice-backend","timestamp":"2026-06-28T20:58:30.061Z","userId":"11111111-1111-1111-1111-111111111111"}
{"level":"info","message":"Project created successfully","projectId":"22222222-2222-2222-2222-222222222222","service":"lunar-ice-backend","timestamp":"2026-06-28T20:58:30.069Z","userId":"11111111-1111-1111-1111-111111111111"}
{"datasetId":"33333333-3333-3333-3333-333333333333","level":"info","message":"Dataset uploaded successfully","projectId":"22222222-2222-2222-2222-222222222222","service":"lunar-ice-backend","timestamp":"2026-06-28T20:58:30.074Z"}
{"error":"","level":"error","message":"Failed to connect to RabbitMQ","service":"lunar-ice-backend","timestamp":"2026-06-28T20:58:30.083Z"}
{"error":"RabbitMQ channel not available","level":"error","message":"Error publishing task to RabbitMQ","queueName":"celery","service":"lunar-ice-backend","timestamp":"2026-06-28T20:58:30.083Z"}
{"analysisId":"44444444-4444-4444-4444-444444444444","level":"warn","message":"RabbitMQ publish failed, using fallback async simulation for analysis","service":"lunar-ice-backend","timestamp":"2026-06-28T20:58:30.083Z"}
{"analysisId":"44444444-4444-4444-4444-444444444444","level":"info","message":"Ice detection analysis queued successfully","service":"lunar-ice-backend","taskId":"task_ice_1782680310080_7y3a7m","timestamp":"2026-06-28T20:58:30.083Z"}
{"error":"","level":"error","message":"Failed to connect to RabbitMQ","service":"lunar-ice-backend","timestamp":"2026-06-28T20:58:30.091Z"}
{"error":"RabbitMQ channel not available","level":"error","message":"Error publishing task to RabbitMQ","queueName":"celery","service":"lunar-ice-backend","timestamp":"2026-06-28T20:58:30.092Z"}
{"analysisId":"44444444-4444-4444-4444-444444444444","level":"warn","message":"RabbitMQ publish failed, using fallback async simulation for analysis","service":"lunar-ice-backend","timestamp":"2026-06-28T20:58:30.092Z"}
{"analysisId":"44444444-4444-4444-4444-444444444444","level":"info","message":"Ice detection analysis queued successfully","service":"lunar-ice-backend","taskId":"task_ice_1782680310089_6t1sbwf","timestamp":"2026-06-28T20:58:30.092Z"}
{"error":{"code":"ECONNREFUSED"},"level":"error","message":"Database query error","service":"lunar-ice-backend","text":"SELECT 1","timestamp":"2026-06-28T20:58:47.636Z"}
{"email":"test@example.com","level":"info","message":"User registered successfully","service":"lunar-ice-backend","timestamp":"2026-06-28T20:58:47.664Z","userId":"11111111-1111-1111-1111-111111111111"}
{"level":"info","message":"Project created successfully","projectId":"22222222-2222-2222-2222-222222222222","service":"lunar-ice-backend","timestamp":"2026-06-28T20:58:47.673Z","userId":"11111111-1111-1111-1111-111111111111"}
{"datasetId":"33333333-3333-3333-3333-333333333333","level":"info","message":"Dataset uploaded successfully","projectId":"22222222-2222-2222-2222-222222222222","service":"lunar-ice-backend","timestamp":"2026-06-28T20:58:47.679Z"}
{"error":"","level":"error","message":"Failed to connect to RabbitMQ","service":"lunar-ice-backend","timestamp":"2026-06-28T20:58:47.687Z"}
{"error":"RabbitMQ channel not available","level":"error","message":"Error publishing task to RabbitMQ","queueName":"celery","service":"lunar-ice-backend","timestamp":"2026-06-28T20:58:47.687Z"}
{"analysisId":"44444444-4444-4444-4444-444444444444","level":"warn","message":"RabbitMQ publish failed, using fallback async simulation for analysis","service":"lunar-ice-backend","timestamp":"2026-06-28T20:58:47.687Z"}
{"analysisId":"44444444-4444-4444-4444-444444444444","level":"info","message":"Ice detection analysis queued successfully","service":"lunar-ice-backend","taskId":"task_ice_1782680327684_scltgb","timestamp":"2026-06-28T20:58:47.688Z"}
{"error":{"code":"ECONNREFUSED"},"level":"error","message":"Database query error","service":"lunar-ice-backend","text":"SELECT 1","timestamp":"2026-06-28T21:02:23.510Z"}
{"email":"test@example.com","level":"info","message":"User registered successfully","service":"lunar-ice-backend","timestamp":"2026-06-28T21:02:23.556Z","userId":"11111111-1111-1111-1111-111111111111"}
{"level":"info","message":"Project created successfully","projectId":"22222222-2222-2222-2222-222222222222","service":"lunar-ice-backend","timestamp":"2026-06-28T21:02:23.581Z","userId":"11111111-1111-1111-1111-111111111111"}
{"datasetId":"33333333-3333-3333-3333-333333333333","level":"info","message":"Dataset uploaded successfully","projectId":"22222222-2222-2222-2222-222222222222","service":"lunar-ice-backend","timestamp":"2026-06-28T21:02:23.591Z"}
{"error":"","level":"error","message":"Failed to connect to RabbitMQ","service":"lunar-ice-backend","timestamp":"2026-06-28T21:02:23.603Z"}
{"error":"RabbitMQ channel not available","level":"error","message":"Error publishing task to RabbitMQ","queueName":"celery","service":"lunar-ice-backend","timestamp":"2026-06-28T21:02:23.603Z"}
{"analysisId":"44444444-4444-4444-4444-444444444444","level":"warn","message":"RabbitMQ publish failed, using fallback async simulation for analysis","service":"lunar-ice-backend","timestamp":"2026-06-28T21:02:23.604Z"}
{"analysisId":"44444444-4444-4444-4444-444444444444","level":"info","message":"Ice detection analysis queued successfully","service":"lunar-ice-backend","taskId":"task_ice_1782680543599_hmbsc","timestamp":"2026-06-28T21:02:23.604Z"}
